c:\users\chsu\source\repos\maze\maze\x64\debug\qrc_maze.obj
c:\users\chsu\source\repos\maze\maze\generatedfiles\debug\moc_maze.cpp
c:\users\chsu\source\repos\maze\maze\generatedfiles\debug\moc_openglwidget.cpp
c:\users\chsu\source\repos\maze\maze\generatedfiles\qrc_maze.cpp
c:\users\chsu\source\repos\maze\maze\generatedfiles\ui_maze.h
c:\users\chsu\source\repos\maze\maze\.\generatedfiles\debug\moc_maze.cpp
c:\users\chsu\source\repos\maze\maze\.\generatedfiles\debug\moc_openglwidget.cpp
c:\users\chsu\source\repos\maze\maze\.\generatedfiles\qrc_maze.cpp
c:\users\chsu\source\repos\maze\maze\.\generatedfiles\ui_maze.h
c:\users\chsu\source\repos\maze\maze\x64\debug\vc141.pdb
c:\users\chsu\source\repos\maze\maze\x64\debug\maze.tlog\cl.13688.write.1.tlog
c:\users\chsu\source\repos\maze\maze\x64\debug\maze.tlog\cl.command.1.tlog
c:\users\chsu\source\repos\maze\maze\x64\debug\maze.tlog\cl.read.1.tlog
c:\users\chsu\source\repos\maze\maze\x64\debug\maze.tlog\maze.write.1u.tlog
c:\users\chsu\source\repos\maze\maze\x64\debug\maze.tlog\qtmoc.read.1u.tlog
c:\users\chsu\source\repos\maze\maze\x64\debug\maze.tlog\qtmoc.write.1u.tlog
c:\users\chsu\source\repos\maze\maze\x64\debug\maze.tlog\qtrcc.read.1u.tlog
c:\users\chsu\source\repos\maze\maze\x64\debug\maze.tlog\qtrcc.write.1u.tlog
c:\users\chsu\source\repos\maze\maze\x64\debug\maze.tlog\qtuic.read.1u.tlog
c:\users\chsu\source\repos\maze\maze\x64\debug\maze.tlog\qtuic.write.1u.tlog
